android/app/build/intermediates/manifest_merge_blame_file/debug/processDebugMainManifest/manifest-merger-blame-debug-report.txt
1<?xml version="1.0" encoding="utf-8"?>
2<manifest xmlns:android="http://schemas.android.com/apk/res/android"
3    package="com.ecocycle.wastemanagement"
4    android:versionCode="1"
5    android:versionName="1.0" >
6
7    <uses-sdk
8        android:minSdkVersion="23"
9        android:targetSdkVersion="34" />
10
11    <uses-permission android:name="android.permission.INTERNET" />
11-->src\main\AndroidManifest.xml:4:5-67
11-->src\main\AndroidManifest.xml:4:22-64
12    <uses-permission android:name="android.permission.CAMERA" />
12-->src\main\AndroidManifest.xml:5:5-65
12-->src\main\AndroidManifest.xml:5:22-62
13    <uses-permission android:name="android.permission.READ_MEDIA_IMAGES" />
13-->src\main\AndroidManifest.xml:6:5-76
13-->src\main\AndroidManifest.xml:6:22-73
14    <uses-permission android:name="android.permission.READ_MEDIA_VISUAL_USER_SELECTED" />
14-->src\main\AndroidManifest.xml:7:5-90
14-->src\main\AndroidManifest.xml:7:22-87
15    <uses-permission
15-->src\main\AndroidManifest.xml:8:5-107
16        android:name="android.permission.READ_EXTERNAL_STORAGE"
16-->src\main\AndroidManifest.xml:8:22-77
17        android:maxSdkVersion="32" />
17-->src\main\AndroidManifest.xml:8:78-104
18
19    <uses-feature
19-->src\main\AndroidManifest.xml:10:5-12:35
20        android:name="android.hardware.camera"
20-->src\main\AndroidManifest.xml:11:9-47
21        android:required="true" />
21-->src\main\AndroidManifest.xml:12:9-32
22
23    <!-- Facebook requires these queries for Android 11+ -->
24    <queries>
24-->src\main\AndroidManifest.xml:57:5-59:15
25        <provider android:authorities="com.facebook.katana.provider.PlatformProvider" />
25-->src\main\AndroidManifest.xml:58:9-89
25-->src\main\AndroidManifest.xml:58:19-86
26
27        <package android:name="com.facebook.katana" />
27-->[com.facebook.android:facebook-common:18.0.3] AndroidManifest.xml:16:9-55
27-->[com.facebook.android:facebook-common:18.0.3] AndroidManifest.xml:16:18-52
28    </queries>
29
30    <uses-permission android:name="android.permission.ACCESS_NETWORK_STATE" />
30-->[com.google.firebase:firebase-auth:24.0.1] AndroidManifest.xml:26:5-79
30-->[com.google.firebase:firebase-auth:24.0.1] AndroidManifest.xml:26:22-76
31    <uses-permission android:name="com.google.android.providers.gsf.permission.READ_GSERVICES" />
31-->[com.google.android.recaptcha:recaptcha:18.6.1] AndroidManifest.xml:9:5-98
31-->[com.google.android.recaptcha:recaptcha:18.6.1] AndroidManifest.xml:9:22-95
32    <uses-permission android:name="com.google.android.gms.permission.AD_ID" /> <!-- Support for Google Privacy Sandbox adservices API -->
32-->[com.facebook.android:facebook-core:18.0.3] AndroidManifest.xml:14:5-79
32-->[com.facebook.android:facebook-core:18.0.3] AndroidManifest.xml:14:22-76
33    <uses-permission android:name="android.permission.ACCESS_ADSERVICES_ATTRIBUTION" />
33-->[com.facebook.android:facebook-core:18.0.3] AndroidManifest.xml:16:5-88
33-->[com.facebook.android:facebook-core:18.0.3] AndroidManifest.xml:16:22-85
34    <uses-permission android:name="android.permission.ACCESS_ADSERVICES_AD_ID" />
34-->[com.facebook.android:facebook-core:18.0.3] AndroidManifest.xml:17:5-82
34-->[com.facebook.android:facebook-core:18.0.3] AndroidManifest.xml:17:22-79
35    <uses-permission android:name="android.permission.ACCESS_ADSERVICES_CUSTOM_AUDIENCE" />
35-->[com.facebook.android:facebook-core:18.0.3] AndroidManifest.xml:18:5-92
35-->[com.facebook.android:facebook-core:18.0.3] AndroidManifest.xml:18:22-89
36    <uses-permission android:name="android.permission.ACCESS_ADSERVICES_TOPICS" />
36-->[com.facebook.android:facebook-core:18.0.3] AndroidManifest.xml:19:5-83
36-->[com.facebook.android:facebook-core:18.0.3] AndroidManifest.xml:19:22-80
37    <uses-permission android:name="com.google.android.finsky.permission.BIND_GET_INSTALL_REFERRER_SERVICE" />
37-->[com.android.installreferrer:installreferrer:1.0] AndroidManifest.xml:9:5-110
37-->[com.android.installreferrer:installreferrer:1.0] AndroidManifest.xml:9:22-107
38
39    <application
39-->src\main\AndroidManifest.xml:14:5-54:19
40        android:allowBackup="true"
40-->src\main\AndroidManifest.xml:15:9-35
41        android:appComponentFactory="androidx.core.app.CoreComponentFactory"
41-->[androidx.core:core:1.8.0] AndroidManifest.xml:24:18-86
42        android:debuggable="true"
43        android:extractNativeLibs="false"
44        android:icon="@drawable/ic_launcher_foreground"
44-->src\main\AndroidManifest.xml:16:9-56
45        android:label="@string/app_name"
45-->src\main\AndroidManifest.xml:17:9-41
46        android:roundIcon="@drawable/ic_launcher_foreground"
46-->src\main\AndroidManifest.xml:18:9-61
47        android:supportsRtl="true"
47-->src\main\AndroidManifest.xml:19:9-35
48        android:testOnly="true"
49        android:theme="@style/AppTheme"
49-->src\main\AndroidManifest.xml:20:9-40
50        android:usesCleartextTraffic="true" >
50-->src\main\AndroidManifest.xml:21:9-44
51
52        <!-- Facebook App ID -->
53        <meta-data
53-->src\main\AndroidManifest.xml:24:9-26:55
54            android:name="com.facebook.sdk.ApplicationId"
54-->src\main\AndroidManifest.xml:25:13-58
55            android:value="@string/facebook_app_id" />
55-->src\main\AndroidManifest.xml:26:13-52
56
57        <activity
57-->src\main\AndroidManifest.xml:28:9-36:20
58            android:name="com.ecocycle.wastemanagement.MainActivity"
58-->src\main\AndroidManifest.xml:29:13-41
59            android:configChanges="keyboardHidden|orientation|screenSize"
59-->src\main\AndroidManifest.xml:30:13-74
60            android:exported="true" >
60-->src\main\AndroidManifest.xml:31:13-36
61            <intent-filter>
61-->src\main\AndroidManifest.xml:32:13-35:29
62                <action android:name="android.intent.action.MAIN" />
62-->src\main\AndroidManifest.xml:33:17-69
62-->src\main\AndroidManifest.xml:33:25-66
63
64                <category android:name="android.intent.category.LAUNCHER" />
64-->src\main\AndroidManifest.xml:34:17-77
64-->src\main\AndroidManifest.xml:34:27-74
65            </intent-filter>
66        </activity>
67
68        <!-- Facebook Login Activity -->
69        <activity
69-->src\main\AndroidManifest.xml:39:9-41:99
70            android:name="com.facebook.FacebookActivity"
70-->src\main\AndroidManifest.xml:40:13-57
71            android:configChanges="keyboard|keyboardHidden|screenLayout|screenSize|orientation"
71-->src\main\AndroidManifest.xml:41:13-96
72            android:theme="@style/com_facebook_activity_theme" />
72-->[com.facebook.android:facebook-common:18.0.3] AndroidManifest.xml:23:13-63
73
74        <!-- Facebook Custom Tab Activity -->
75        <activity
75-->src\main\AndroidManifest.xml:44:9-53:20
76            android:name="com.facebook.CustomTabActivity"
76-->src\main\AndroidManifest.xml:45:13-58
77            android:exported="true" >
77-->src\main\AndroidManifest.xml:46:13-36
78            <intent-filter>
78-->src\main\AndroidManifest.xml:47:13-52:29
79                <action android:name="android.intent.action.VIEW" />
79-->src\main\AndroidManifest.xml:48:17-69
79-->src\main\AndroidManifest.xml:48:25-66
80
81                <category android:name="android.intent.category.DEFAULT" />
81-->src\main\AndroidManifest.xml:49:17-76
81-->src\main\AndroidManifest.xml:49:27-73
82                <category android:name="android.intent.category.BROWSABLE" />
82-->src\main\AndroidManifest.xml:50:17-78
82-->src\main\AndroidManifest.xml:50:27-75
83
84                <data android:scheme="@string/fb_login_protocol_scheme" />
84-->src\main\AndroidManifest.xml:51:17-75
84-->src\main\AndroidManifest.xml:51:23-72
85            </intent-filter>
86            <intent-filter>
86-->[com.facebook.android:facebook-common:18.0.3] AndroidManifest.xml:29:13-38:29
87                <action android:name="android.intent.action.VIEW" />
87-->src\main\AndroidManifest.xml:48:17-69
87-->src\main\AndroidManifest.xml:48:25-66
88
89                <category android:name="android.intent.category.DEFAULT" />
89-->src\main\AndroidManifest.xml:49:17-76
89-->src\main\AndroidManifest.xml:49:27-73
90                <category android:name="android.intent.category.BROWSABLE" />
90-->src\main\AndroidManifest.xml:50:17-78
90-->src\main\AndroidManifest.xml:50:27-75
91
92                <data
92-->src\main\AndroidManifest.xml:51:17-75
93                    android:host="cct.com.ecocycle.wastemanagement"
94                    android:scheme="fbconnect" />
94-->src\main\AndroidManifest.xml:51:23-72
95            </intent-filter>
96        </activity>
97        <activity
97-->[com.google.firebase:firebase-auth:24.0.1] AndroidManifest.xml:29:9-46:20
98            android:name="com.google.firebase.auth.internal.GenericIdpActivity"
98-->[com.google.firebase:firebase-auth:24.0.1] AndroidManifest.xml:30:13-80
99            android:excludeFromRecents="true"
99-->[com.google.firebase:firebase-auth:24.0.1] AndroidManifest.xml:31:13-46
100            android:exported="true"
100-->[com.google.firebase:firebase-auth:24.0.1] AndroidManifest.xml:32:13-36
101            android:launchMode="singleTask"
101-->[com.google.firebase:firebase-auth:24.0.1] AndroidManifest.xml:33:13-44
102            android:theme="@android:style/Theme.Translucent.NoTitleBar" >
102-->[com.google.firebase:firebase-auth:24.0.1] AndroidManifest.xml:34:13-72
103            <intent-filter>
103-->[com.google.firebase:firebase-auth:24.0.1] AndroidManifest.xml:35:13-45:29
104                <action android:name="android.intent.action.VIEW" />
104-->src\main\AndroidManifest.xml:48:17-69
104-->src\main\AndroidManifest.xml:48:25-66
105
106                <category android:name="android.intent.category.DEFAULT" />
106-->src\main\AndroidManifest.xml:49:17-76
106-->src\main\AndroidManifest.xml:49:27-73
107                <category android:name="android.intent.category.BROWSABLE" />
107-->src\main\AndroidManifest.xml:50:17-78
107-->src\main\AndroidManifest.xml:50:27-75
108
109                <data
109-->src\main\AndroidManifest.xml:51:17-75
110                    android:host="firebase.auth"
111                    android:path="/"
112                    android:scheme="genericidp" />
112-->src\main\AndroidManifest.xml:51:23-72
113            </intent-filter>
114        </activity>
115        <activity
115-->[com.google.firebase:firebase-auth:24.0.1] AndroidManifest.xml:47:9-64:20
116            android:name="com.google.firebase.auth.internal.RecaptchaActivity"
116-->[com.google.firebase:firebase-auth:24.0.1] AndroidManifest.xml:48:13-79
117            android:excludeFromRecents="true"
117-->[com.google.firebase:firebase-auth:24.0.1] AndroidManifest.xml:49:13-46
118            android:exported="true"
118-->[com.google.firebase:firebase-auth:24.0.1] AndroidManifest.xml:50:13-36
119            android:launchMode="singleTask"
119-->[com.google.firebase:firebase-auth:24.0.1] AndroidManifest.xml:51:13-44
120            android:theme="@android:style/Theme.Translucent.NoTitleBar" >
120-->[com.google.firebase:firebase-auth:24.0.1] AndroidManifest.xml:52:13-72
121            <intent-filter>
121-->[com.google.firebase:firebase-auth:24.0.1] AndroidManifest.xml:53:13-63:29
122                <action android:name="android.intent.action.VIEW" />
122-->src\main\AndroidManifest.xml:48:17-69
122-->src\main\AndroidManifest.xml:48:25-66
123
124                <category android:name="android.intent.category.DEFAULT" />
124-->src\main\AndroidManifest.xml:49:17-76
124-->src\main\AndroidManifest.xml:49:27-73
125                <category android:name="android.intent.category.BROWSABLE" />
125-->src\main\AndroidManifest.xml:50:17-78
125-->src\main\AndroidManifest.xml:50:27-75
126
127                <data
127-->src\main\AndroidManifest.xml:51:17-75
128                    android:host="firebase.auth"
129                    android:path="/"
130                    android:scheme="recaptcha" />
130-->src\main\AndroidManifest.xml:51:23-72
131            </intent-filter>
132        </activity>
133
134        <service
134-->[com.google.firebase:firebase-auth:24.0.1] AndroidManifest.xml:66:9-72:19
135            android:name="com.google.firebase.components.ComponentDiscoveryService"
135-->[com.google.firebase:firebase-auth:24.0.1] AndroidManifest.xml:67:13-84
136            android:directBootAware="true"
136-->[com.google.firebase:firebase-common:22.0.1] AndroidManifest.xml:32:13-43
137            android:exported="false" >
137-->[com.google.firebase:firebase-auth:24.0.1] AndroidManifest.xml:68:13-37
138            <meta-data
138-->[com.google.firebase:firebase-auth:24.0.1] AndroidManifest.xml:69:13-71:85
139                android:name="com.google.firebase.components:com.google.firebase.auth.FirebaseAuthRegistrar"
139-->[com.google.firebase:firebase-auth:24.0.1] AndroidManifest.xml:70:17-109
140                android:value="com.google.firebase.components.ComponentRegistrar" />
140-->[com.google.firebase:firebase-auth:24.0.1] AndroidManifest.xml:71:17-82
141            <meta-data
141-->[com.google.firebase:firebase-common:22.0.1] AndroidManifest.xml:35:13-37:85
142                android:name="com.google.firebase.components:com.google.firebase.FirebaseCommonKtxRegistrar"
142-->[com.google.firebase:firebase-common:22.0.1] AndroidManifest.xml:36:17-109
143                android:value="com.google.firebase.components.ComponentRegistrar" />
143-->[com.google.firebase:firebase-common:22.0.1] AndroidManifest.xml:37:17-82
144        </service>
145        <service
145-->[androidx.credentials:credentials-play-services-auth:1.2.0-rc01] AndroidManifest.xml:24:9-32:19
146            android:name="androidx.credentials.playservices.CredentialProviderMetadataHolder"
146-->[androidx.credentials:credentials-play-services-auth:1.2.0-rc01] AndroidManifest.xml:25:13-94
147            android:enabled="true"
147-->[androidx.credentials:credentials-play-services-auth:1.2.0-rc01] AndroidManifest.xml:26:13-35
148            android:exported="false" >
148-->[androidx.credentials:credentials-play-services-auth:1.2.0-rc01] AndroidManifest.xml:27:13-37
149            <meta-data
149-->[androidx.credentials:credentials-play-services-auth:1.2.0-rc01] AndroidManifest.xml:29:13-31:104
150                android:name="androidx.credentials.CREDENTIAL_PROVIDER_KEY"
150-->[androidx.credentials:credentials-play-services-auth:1.2.0-rc01] AndroidManifest.xml:30:17-76
151                android:value="androidx.credentials.playservices.CredentialProviderPlayServicesImpl" />
151-->[androidx.credentials:credentials-play-services-auth:1.2.0-rc01] AndroidManifest.xml:31:17-101
152        </service>
153
154        <activity
154-->[androidx.credentials:credentials-play-services-auth:1.2.0-rc01] AndroidManifest.xml:34:9-41:20
155            android:name="androidx.credentials.playservices.HiddenActivity"
155-->[androidx.credentials:credentials-play-services-auth:1.2.0-rc01] AndroidManifest.xml:35:13-76
156            android:configChanges="orientation|screenSize|screenLayout|keyboardHidden"
156-->[androidx.credentials:credentials-play-services-auth:1.2.0-rc01] AndroidManifest.xml:36:13-87
157            android:enabled="true"
157-->[androidx.credentials:credentials-play-services-auth:1.2.0-rc01] AndroidManifest.xml:37:13-35
158            android:exported="false"
158-->[androidx.credentials:credentials-play-services-auth:1.2.0-rc01] AndroidManifest.xml:38:13-37
159            android:fitsSystemWindows="true"
159-->[androidx.credentials:credentials-play-services-auth:1.2.0-rc01] AndroidManifest.xml:39:13-45
160            android:theme="@style/Theme.Hidden" >
160-->[androidx.credentials:credentials-play-services-auth:1.2.0-rc01] AndroidManifest.xml:40:13-48
161        </activity>
162        <activity
162-->[com.google.android.gms:play-services-auth:21.2.0] AndroidManifest.xml:23:9-27:75
163            android:name="com.google.android.gms.auth.api.signin.internal.SignInHubActivity"
163-->[com.google.android.gms:play-services-auth:21.2.0] AndroidManifest.xml:24:13-93
164            android:excludeFromRecents="true"
164-->[com.google.android.gms:play-services-auth:21.2.0] AndroidManifest.xml:25:13-46
165            android:exported="false"
165-->[com.google.android.gms:play-services-auth:21.2.0] AndroidManifest.xml:26:13-37
166            android:theme="@android:style/Theme.Translucent.NoTitleBar" />
166-->[com.google.android.gms:play-services-auth:21.2.0] AndroidManifest.xml:27:13-72
167        <!--
168            Service handling Google Sign-In user revocation. For apps that do not integrate with
169            Google Sign-In, this service will never be started.
170        -->
171        <service
171-->[com.google.android.gms:play-services-auth:21.2.0] AndroidManifest.xml:33:9-37:51
172            android:name="com.google.android.gms.auth.api.signin.RevocationBoundService"
172-->[com.google.android.gms:play-services-auth:21.2.0] AndroidManifest.xml:34:13-89
173            android:exported="true"
173-->[com.google.android.gms:play-services-auth:21.2.0] AndroidManifest.xml:35:13-36
174            android:permission="com.google.android.gms.auth.api.signin.permission.REVOCATION_NOTIFICATION"
174-->[com.google.android.gms:play-services-auth:21.2.0] AndroidManifest.xml:36:13-107
175            android:visibleToInstantApps="true" />
175-->[com.google.android.gms:play-services-auth:21.2.0] AndroidManifest.xml:37:13-48
176
177        <provider
177-->[com.google.firebase:firebase-common:22.0.1] AndroidManifest.xml:23:9-28:39
178            android:name="com.google.firebase.provider.FirebaseInitProvider"
178-->[com.google.firebase:firebase-common:22.0.1] AndroidManifest.xml:24:13-77
179            android:authorities="com.ecocycle.wastemanagement.firebaseinitprovider"
179-->[com.google.firebase:firebase-common:22.0.1] AndroidManifest.xml:25:13-72
180            android:directBootAware="true"
180-->[com.google.firebase:firebase-common:22.0.1] AndroidManifest.xml:26:13-43
181            android:exported="false"
181-->[com.google.firebase:firebase-common:22.0.1] AndroidManifest.xml:27:13-37
182            android:initOrder="100" />
182-->[com.google.firebase:firebase-common:22.0.1] AndroidManifest.xml:28:13-36
183
184        <activity
184-->[com.google.android.gms:play-services-base:18.3.0] AndroidManifest.xml:20:9-22:45
185            android:name="com.google.android.gms.common.api.GoogleApiActivity"
185-->[com.google.android.gms:play-services-base:18.3.0] AndroidManifest.xml:20:19-85
186            android:exported="false"
186-->[com.google.android.gms:play-services-base:18.3.0] AndroidManifest.xml:22:19-43
187            android:theme="@android:style/Theme.Translucent.NoTitleBar" />
187-->[com.google.android.gms:play-services-base:18.3.0] AndroidManifest.xml:21:19-78
188        <activity android:name="com.facebook.CustomTabMainActivity" />
188-->[com.facebook.android:facebook-common:18.0.3] AndroidManifest.xml:24:9-71
188-->[com.facebook.android:facebook-common:18.0.3] AndroidManifest.xml:24:19-68
189        <!--
190         The initialization ContentProvider will call FacebookSdk.sdkInitialize automatically
191         with the application context. This config is merged in with the host app's manifest,
192         but there can only be one provider with the same authority activated at any given
193         point; so if the end user has two or more different apps that use Facebook SDK, only the
194         first one will be able to use the provider. To work around this problem, we use the
195         following placeholder in the authority to identify each host application as if it was
196         a completely different provider.
197        -->
198        <provider
198-->[com.facebook.android:facebook-core:18.0.3] AndroidManifest.xml:32:9-35:40
199            android:name="com.facebook.internal.FacebookInitProvider"
199-->[com.facebook.android:facebook-core:18.0.3] AndroidManifest.xml:33:13-70
200            android:authorities="com.ecocycle.wastemanagement.FacebookInitProvider"
200-->[com.facebook.android:facebook-core:18.0.3] AndroidManifest.xml:34:13-72
201            android:exported="false" />
201-->[com.facebook.android:facebook-core:18.0.3] AndroidManifest.xml:35:13-37
202
203        <receiver
203-->[com.facebook.android:facebook-core:18.0.3] AndroidManifest.xml:37:9-43:20
204            android:name="com.facebook.CurrentAccessTokenExpirationBroadcastReceiver"
204-->[com.facebook.android:facebook-core:18.0.3] AndroidManifest.xml:38:13-86
205            android:exported="false" >
205-->[com.facebook.android:facebook-core:18.0.3] AndroidManifest.xml:39:13-37
206            <intent-filter>
206-->[com.facebook.android:facebook-core:18.0.3] AndroidManifest.xml:40:13-42:29
207                <action android:name="com.facebook.sdk.ACTION_CURRENT_ACCESS_TOKEN_CHANGED" />
207-->[com.facebook.android:facebook-core:18.0.3] AndroidManifest.xml:41:17-95
207-->[com.facebook.android:facebook-core:18.0.3] AndroidManifest.xml:41:25-92
208            </intent-filter>
209        </receiver>
210        <receiver
210-->[com.facebook.android:facebook-core:18.0.3] AndroidManifest.xml:44:9-50:20
211            android:name="com.facebook.AuthenticationTokenManager$CurrentAuthenticationTokenChangedBroadcastReceiver"
211-->[com.facebook.android:facebook-core:18.0.3] AndroidManifest.xml:45:13-118
212            android:exported="false" >
212-->[com.facebook.android:facebook-core:18.0.3] AndroidManifest.xml:46:13-37
213            <intent-filter>
213-->[com.facebook.android:facebook-core:18.0.3] AndroidManifest.xml:47:13-49:29
214                <action android:name="com.facebook.sdk.ACTION_CURRENT_AUTHENTICATION_TOKEN_CHANGED" />
214-->[com.facebook.android:facebook-core:18.0.3] AndroidManifest.xml:48:17-103
214-->[com.facebook.android:facebook-core:18.0.3] AndroidManifest.xml:48:25-100
215            </intent-filter>
216        </receiver>
217
218        <meta-data
218-->[com.google.android.gms:play-services-basement:18.4.0] AndroidManifest.xml:6:9-122
219            android:name="com.google.android.gms.version"
219-->[com.google.android.gms:play-services-basement:18.4.0] AndroidManifest.xml:6:20-65
220            android:value="@integer/google_play_services_version" /> <!-- The activities will be merged into the manifest of the hosting app. -->
220-->[com.google.android.gms:play-services-basement:18.4.0] AndroidManifest.xml:6:66-119
221        <activity
221-->[com.google.android.play:core-common:2.0.3] AndroidManifest.xml:14:9-18:65
222            android:name="com.google.android.play.core.common.PlayCoreDialogWrapperActivity"
222-->[com.google.android.play:core-common:2.0.3] AndroidManifest.xml:15:13-93
223            android:exported="false"
223-->[com.google.android.play:core-common:2.0.3] AndroidManifest.xml:16:13-37
224            android:stateNotNeeded="true"
224-->[com.google.android.play:core-common:2.0.3] AndroidManifest.xml:17:13-42
225            android:theme="@style/Theme.PlayCore.Transparent" />
225-->[com.google.android.play:core-common:2.0.3] AndroidManifest.xml:18:13-62
226    </application>
227
228</manifest>